19/02/2020 11:58:16 PM:CRITICAL:generic_loglogger:Critical message from generic logger 2 module
19/02/2020 11:58:16 PM:ERROR:generic_loglogger:error message from generic logger 2 module
19/02/2020 11:58:16 PM:WARNING:generic_loglogger:warning message from generic logger 2 module
19/02/2020 11:58:16 PM:INFO:generic_loglogger:info message from generic logger 2 module
19/02/2020 11:58:16 PM:DEBUG:generic_loglogger:debug message from generic logger 2 module
19/02/2020 11:58:36 PM:CRITICAL:logtestlogger:Critical message from student module
19/02/2020 11:58:36 PM:ERROR:logtestlogger:error message from student module
19/02/2020 11:58:36 PM:WARNING:logtestlogger:warning message from student module
19/02/2020 11:58:36 PM:INFO:logtestlogger:info message from student module
19/02/2020 11:58:36 PM:DEBUG:logtestlogger:debug message from student module
19/02/2020 11:59:01 PM:CRITICAL:f1logger:Critical message from student module
19/02/2020 11:59:01 PM:ERROR:f1logger:error message from student module
19/02/2020 11:59:01 PM:WARNING:f1logger:warning message from student module
19/02/2020 11:59:01 PM:INFO:f1logger:info message from student module
19/02/2020 11:59:01 PM:DEBUG:f1logger:debug message from student module
19/02/2020 11:59:01 PM:CRITICAL:f2logger:Critical message from student module
19/02/2020 11:59:01 PM:ERROR:f2logger:error message from student module
19/02/2020 11:59:58 PM:CRITICAL:f1logger:Critical message from student module
19/02/2020 11:59:58 PM:ERROR:f1logger:error message from student module
19/02/2020 11:59:58 PM:WARNING:f1logger:warning message from student module
19/02/2020 11:59:58 PM:INFO:f1logger:info message from student module
19/02/2020 11:59:58 PM:DEBUG:f1logger:debug message from student module
19/02/2020 11:59:58 PM:CRITICAL:f2logger:Critical message from student module
19/02/2020 11:59:58 PM:ERROR:f2logger:error message from student module
19/02/2020 11:59:58 PM:CRITICAL:f3logger:Critical message from student module
19/02/2020 11:59:58 PM:ERROR:f3logger:error message from student module
19/02/2020 11:59:58 PM:WARNING:f3logger:warning message from student module
20/02/2020 12:00:30 AM :CRITICAL :f1logger :Critical message from student module
20/02/2020 12:00:30 AM :ERROR :f1logger :error message from student module
20/02/2020 12:00:30 AM :WARNING :f1logger :warning message from student module
20/02/2020 12:00:30 AM :INFO :f1logger :info message from student module
20/02/2020 12:00:30 AM :DEBUG :f1logger :debug message from student module
20/02/2020 12:00:30 AM :CRITICAL :f2logger :Critical message from student module
20/02/2020 12:00:30 AM :ERROR :f2logger :error message from student module
20/02/2020 12:00:30 AM :CRITICAL :f3logger :Critical message from student module
20/02/2020 12:00:30 AM :ERROR :f3logger :error message from student module
20/02/2020 12:00:30 AM :WARNING :f3logger :warning message from student module
20/02/2020 12:00:45 AM :CRITICAL :f1logger :Critical message from student module
20/02/2020 12:00:45 AM :ERROR :f1logger :error message from student module
20/02/2020 12:00:45 AM :WARNING :f1logger :warning message from student module
20/02/2020 12:00:45 AM :INFO :f1logger :info message from student module
20/02/2020 12:00:45 AM :DEBUG :f1logger :debug message from student module
20/02/2020 12:00:45 AM :CRITICAL :f2logger :Critical message from student module
20/02/2020 12:00:45 AM :ERROR :f2logger :error message from student module
20/02/2020 12:00:45 AM :CRITICAL :f3logger :Critical message from student module
20/02/2020 12:00:45 AM :ERROR :f3logger :error message from student module
20/02/2020 12:00:45 AM :WARNING :f3logger :warning message from student module
